
Gurobi 8.1.0 (linux64, Python) logging started Fri Feb  1 16:10:48 2019

Academic license - for non-commercial use only
Changed value of parameter method to 2
   Prev: -1  Min: -1  Max: 5  Default: -1
Optimize a model with 9 rows, 25 columns and 45 nonzeros
Variable types: 20 continuous, 5 integer (5 binary)
Coefficient statistics:
  Matrix range     [1e+00, 2e+01]
  Objective range  [1e+03, 2e+04]
  Bounds range     [1e+00, 1e+00]
  RHS range        [1e+01, 2e+01]

Loaded MIP start with objective 210500

Presolve time: 0.00s
Presolved: 9 rows, 25 columns, 45 nonzeros
Variable types: 20 continuous, 5 integer (5 binary)
Presolved: 9 rows, 25 columns, 45 nonzeros

Root barrier log...

Ordering time: 0.00s

Barrier statistics:
 AA' NZ     : 2.000e+01
 Factor NZ  : 4.500e+01
 Factor Ops : 2.850e+02 (less than 1 second per iteration)
 Threads    : 1

                  Objective                Residual
Iter       Primal          Dual         Primal    Dual     Compl     Time
   0   7.94290841e+05 -2.24842916e+05  7.25e+00 3.75e+03  2.69e+04     0s
   1   2.34432856e+05  7.59319096e+04  1.33e-15 3.64e-12  3.17e+03     0s
   2   2.10232015e+05  1.89880475e+05  1.33e-15 7.28e-12  4.07e+02     0s
   3   2.00964341e+05  1.98582137e+05  1.78e-15 3.64e-12  4.76e+01     0s
   4   1.99878036e+05  1.99804970e+05  1.64e-13 3.64e-12  1.46e+00     0s
   5   1.99833638e+05  1.99832960e+05  2.28e-13 3.64e-12  1.36e-02     0s
   6   1.99833333e+05  1.99833333e+05  1.78e-14 3.64e-12  1.39e-08     0s
   7   1.99833333e+05  1.99833333e+05  5.78e-15 3.62e-12  1.39e-14     0s

Barrier solved model in 7 iterations and 0.01 seconds
Optimal objective 1.99833333e+05


Root relaxation: objective 1.998333e+05, 6 iterations, 0.00 seconds

    Nodes    |    Current Node    |     Objective Bounds      |     Work
 Expl Unexpl |  Obj  Depth IntInf | Incumbent    BestBd   Gap | It/Node Time

     0     0 199833.333    0    1 210500.000 199833.333  5.07%     -    0s
     0     0 200025.455    0    2 210500.000 200025.455  4.98%     -    0s
     0     0 208000.000    0    2 210500.000 208000.000  1.19%     -    0s
     0     0 208000.000    0    1 210500.000 208000.000  1.19%     -    0s

Cutting planes:
  Flow cover: 1

Explored 1 nodes (13 simplex iterations) in 0.01 seconds
Thread count was 12 (of 12 available processors)

Solution count 1: 210500 

Optimal solution found (tolerance 1.00e-04)
Best objective 2.105000000000e+05, best bound 2.105000000000e+05, gap 0.0000%

Gurobi 8.1.0 (linux64, Python) logging started Mon Feb  4 10:52:58 2019

Academic license - for non-commercial use only

Gurobi 8.1.0 (linux64, Python) logging started Mon Feb  4 11:03:53 2019

Academic license - for non-commercial use only

Gurobi 8.1.0 (linux64, Python) logging started Mon Feb  4 11:06:39 2019

Academic license - for non-commercial use only

Gurobi 8.1.0 (linux64, Python) logging started Mon Feb  4 11:57:54 2019

Academic license - for non-commercial use only

Gurobi 8.1.0 (linux64, Python) logging started Mon Feb  4 11:58:27 2019

Academic license - for non-commercial use only

Gurobi 8.1.0 (linux64, Python) logging started Mon Feb  4 12:00:12 2019

Academic license - for non-commercial use only

Gurobi 8.1.0 (linux64, Python) logging started Mon Feb  4 12:00:47 2019

Academic license - for non-commercial use only

Gurobi 8.1.0 (linux64, Python) logging started Mon Feb  4 13:13:30 2019

Academic license - for non-commercial use only

Gurobi 8.1.0 (linux64, Python) logging started Mon Feb  4 13:13:49 2019

Academic license - for non-commercial use only

Gurobi 8.1.0 (linux64, Python) logging started Mon Feb  4 13:15:34 2019

Academic license - for non-commercial use only

Gurobi 8.1.0 (linux64, Python) logging started Mon Feb  4 13:18:02 2019

Academic license - for non-commercial use only

Gurobi 8.1.0 (linux64, Python) logging started Mon Feb  4 15:03:32 2019

Academic license - for non-commercial use only

Gurobi 8.1.0 (linux64, Python) logging started Mon Feb  4 15:35:40 2019

Academic license - for non-commercial use only

Gurobi 8.1.0 (linux64, Python) logging started Mon Feb  4 15:45:31 2019

Academic license - for non-commercial use only

Gurobi 8.1.0 (linux64, Python) logging started Mon Feb  4 16:09:47 2019

Academic license - for non-commercial use only

Gurobi 8.1.0 (linux64, Python) logging started Mon Feb  4 16:10:00 2019

Academic license - for non-commercial use only

Gurobi 8.1.0 (linux64, Python) logging started Mon Feb  4 16:12:49 2019

Academic license - for non-commercial use only

Gurobi 8.1.0 (linux64, Python) logging started Mon Feb  4 16:13:08 2019

Academic license - for non-commercial use only

Gurobi 8.1.0 (linux64, Python) logging started Mon Feb  4 16:45:08 2019

Academic license - for non-commercial use only

Gurobi 8.1.0 (linux64, Python) logging started Mon Feb  4 16:45:40 2019

Academic license - for non-commercial use only

Gurobi 8.1.0 (linux64, Python) logging started Mon Feb  4 16:46:45 2019

Academic license - for non-commercial use only

Gurobi 8.1.0 (linux64, Python) logging started Mon Feb  4 16:47:36 2019

Academic license - for non-commercial use only

Gurobi 8.1.0 (linux64, Python) logging started Mon Feb  4 16:49:29 2019

Academic license - for non-commercial use only

Gurobi 8.1.0 (linux64, Python) logging started Mon Feb  4 16:50:05 2019

Academic license - for non-commercial use only

Gurobi 8.1.0 (linux64, Python) logging started Mon Feb  4 16:56:44 2019

Academic license - for non-commercial use only

Gurobi 8.1.0 (linux64, Python) logging started Mon Feb  4 16:59:17 2019

Academic license - for non-commercial use only

Gurobi 8.1.0 (linux64, Python) logging started Mon Feb  4 16:59:37 2019

Academic license - for non-commercial use only

Gurobi 8.1.0 (linux64, Python) logging started Mon Feb  4 17:02:37 2019

Academic license - for non-commercial use only

Gurobi 8.1.0 (linux64, Python) logging started Mon Feb  4 17:03:18 2019

Academic license - for non-commercial use only

Gurobi 8.1.0 (linux64, Python) logging started Mon Feb  4 19:16:43 2019

Academic license - for non-commercial use only

Gurobi 8.1.0 (linux64, Python) logging started Mon Feb  4 19:22:49 2019

Academic license - for non-commercial use only

Gurobi 8.1.0 (linux64, Python) logging started Mon Feb  4 19:23:39 2019

Academic license - for non-commercial use only

Gurobi 8.1.0 (linux64, Python) logging started Mon Feb  4 19:27:08 2019

Academic license - for non-commercial use only

Gurobi 8.1.0 (linux64, Python) logging started Mon Feb  4 19:33:43 2019

Academic license - for non-commercial use only

Gurobi 8.1.0 (linux64, Python) logging started Mon Feb  4 23:31:07 2019

Academic license - for non-commercial use only

Gurobi 8.1.0 (linux64, Python) logging started Mon Feb  4 23:33:50 2019

Academic license - for non-commercial use only

Gurobi 8.1.0 (linux64, Python) logging started Mon Feb  4 23:35:31 2019

Academic license - for non-commercial use only

Gurobi 8.1.0 (linux64, Python) logging started Mon Feb  4 23:36:03 2019

Academic license - for non-commercial use only
Optimize a model with 508 rows, 660 columns and 1902 nonzeros
Variable types: 0 continuous, 660 integer (0 binary)
Coefficient statistics:
  Matrix range     [1e+00, 2e+00]
  Objective range  [1e+00, 1e+00]
  Bounds range     [1e+00, 1e+01]
  RHS range        [1e+00, 1e+01]
Presolve removed 264 rows and 329 columns
Presolve time: 0.00s
Presolved: 244 rows, 331 columns, 899 nonzeros
Variable types: 0 continuous, 331 integer (196 binary)
Found heuristic solution: objective 0.0000000

Root relaxation: cutoff, 164 iterations, 0.00 seconds

    Nodes    |    Current Node    |     Objective Bounds      |     Work
 Expl Unexpl |  Obj  Depth IntInf | Incumbent    BestBd   Gap | It/Node Time

     0     0     cutoff    0         0.00000    0.00000  0.00%     -    0s

Explored 0 nodes (164 simplex iterations) in 0.00 seconds
Thread count was 12 (of 12 available processors)

Solution count 1: 0 

Optimal solution found (tolerance 1.00e-04)
Best objective 0.000000000000e+00, best bound 0.000000000000e+00, gap 0.0000%

Gurobi 8.1.0 (linux64, Python) logging started Mon Feb  4 23:37:33 2019

Academic license - for non-commercial use only
Optimize a model with 508 rows, 660 columns and 1902 nonzeros
Variable types: 0 continuous, 660 integer (0 binary)
Coefficient statistics:
  Matrix range     [1e+00, 2e+00]
  Objective range  [1e+00, 1e+00]
  Bounds range     [1e+00, 1e+01]
  RHS range        [1e+00, 1e+01]
Presolve removed 264 rows and 329 columns
Presolve time: 0.00s
Presolved: 244 rows, 331 columns, 899 nonzeros
Variable types: 0 continuous, 331 integer (196 binary)
Found heuristic solution: objective 0.0000000

Root relaxation: cutoff, 164 iterations, 0.00 seconds

    Nodes    |    Current Node    |     Objective Bounds      |     Work
 Expl Unexpl |  Obj  Depth IntInf | Incumbent    BestBd   Gap | It/Node Time

     0     0     cutoff    0         0.00000    0.00000  0.00%     -    0s

Explored 0 nodes (164 simplex iterations) in 0.01 seconds
Thread count was 12 (of 12 available processors)

Solution count 1: 0 

Optimal solution found (tolerance 1.00e-04)
Best objective 0.000000000000e+00, best bound 0.000000000000e+00, gap 0.0000%

Gurobi 8.1.0 (linux64, Python) logging started Mon Feb  4 23:40:01 2019

Academic license - for non-commercial use only

Gurobi 8.1.0 (linux64, Python) logging started Mon Feb  4 23:47:15 2019

Academic license - for non-commercial use only

Gurobi 8.1.0 (linux64, Python) logging started Mon Feb  4 23:49:30 2019

Academic license - for non-commercial use only
Optimize a model with 508 rows, 660 columns and 1902 nonzeros
Variable types: 0 continuous, 660 integer (0 binary)
Coefficient statistics:
  Matrix range     [1e+00, 2e+00]
  Objective range  [1e+00, 1e+00]
  Bounds range     [1e+00, 1e+01]
  RHS range        [1e+00, 1e+01]
Presolve removed 264 rows and 329 columns
Presolve time: 0.00s
Presolved: 244 rows, 331 columns, 899 nonzeros
Variable types: 0 continuous, 331 integer (196 binary)
Found heuristic solution: objective -0.0000000

Root relaxation: cutoff, 164 iterations, 0.00 seconds

    Nodes    |    Current Node    |     Objective Bounds      |     Work
 Expl Unexpl |  Obj  Depth IntInf | Incumbent    BestBd   Gap | It/Node Time

     0     0     cutoff    0        -0.00000   -0.00000  0.00%     -    0s

Explored 0 nodes (164 simplex iterations) in 0.00 seconds
Thread count was 12 (of 12 available processors)

Solution count 1: -0 

Optimal solution found (tolerance 1.00e-04)
Best objective -0.000000000000e+00, best bound -0.000000000000e+00, gap 0.0000%

Gurobi 8.1.0 (linux64, Python) logging started Mon Feb  4 23:52:24 2019

Academic license - for non-commercial use only

Gurobi 8.1.0 (linux64, Python) logging started Mon Feb  4 23:53:09 2019

Academic license - for non-commercial use only

Gurobi 8.1.0 (linux64, Python) logging started Mon Feb  4 23:54:51 2019

Academic license - for non-commercial use only
Optimize a model with 508 rows, 660 columns and 1902 nonzeros
Variable types: 0 continuous, 660 integer (0 binary)
Coefficient statistics:
  Matrix range     [1e+00, 2e+00]
  Objective range  [1e+00, 1e+00]
  Bounds range     [1e+00, 1e+01]
  RHS range        [1e+00, 1e+01]
Presolve removed 264 rows and 329 columns
Presolve time: 0.00s
Presolved: 244 rows, 331 columns, 899 nonzeros
Variable types: 0 continuous, 331 integer (196 binary)
Found heuristic solution: objective -0.0000000

Root relaxation: cutoff, 164 iterations, 0.00 seconds

    Nodes    |    Current Node    |     Objective Bounds      |     Work
 Expl Unexpl |  Obj  Depth IntInf | Incumbent    BestBd   Gap | It/Node Time

     0     0     cutoff    0        -0.00000   -0.00000  0.00%     -    0s

Explored 0 nodes (164 simplex iterations) in 0.01 seconds
Thread count was 12 (of 12 available processors)

Solution count 1: -0 

Optimal solution found (tolerance 1.00e-04)
Best objective -0.000000000000e+00, best bound -0.000000000000e+00, gap 0.0000%

Gurobi 8.1.0 (linux64, Python) logging started Tue Feb  5 09:40:30 2019

Academic license - for non-commercial use only
Optimize a model with 508 rows, 660 columns and 1902 nonzeros
Variable types: 0 continuous, 660 integer (0 binary)
Coefficient statistics:
  Matrix range     [1e+00, 2e+00]
  Objective range  [1e+00, 1e+00]
  Bounds range     [1e+00, 1e+01]
  RHS range        [1e+00, 1e+01]
Presolve removed 264 rows and 329 columns
Presolve time: 0.00s
Presolved: 244 rows, 331 columns, 899 nonzeros
Variable types: 0 continuous, 331 integer (196 binary)
Found heuristic solution: objective -0.0000000

Root relaxation: cutoff, 164 iterations, 0.00 seconds

    Nodes    |    Current Node    |     Objective Bounds      |     Work
 Expl Unexpl |  Obj  Depth IntInf | Incumbent    BestBd   Gap | It/Node Time

     0     0     cutoff    0        -0.00000   -0.00000  0.00%     -    0s

Explored 0 nodes (164 simplex iterations) in 0.01 seconds
Thread count was 12 (of 12 available processors)

Solution count 1: -0 

Optimal solution found (tolerance 1.00e-04)
Best objective -0.000000000000e+00, best bound -0.000000000000e+00, gap 0.0000%

Gurobi 8.1.0 (linux64, Python) logging started Tue Feb  5 09:42:02 2019

Academic license - for non-commercial use only
Optimize a model with 508 rows, 660 columns and 1902 nonzeros
Variable types: 0 continuous, 660 integer (0 binary)
Coefficient statistics:
  Matrix range     [1e+00, 2e+00]
  Objective range  [1e+00, 1e+00]
  Bounds range     [1e+00, 1e+01]
  RHS range        [1e+00, 1e+01]
Presolve removed 260 rows and 327 columns
Presolve time: 0.00s
Presolved: 248 rows, 333 columns, 907 nonzeros
Variable types: 0 continuous, 333 integer (198 binary)
Found heuristic solution: objective -0.0000000

Root relaxation: cutoff, 323 iterations, 0.00 seconds

    Nodes    |    Current Node    |     Objective Bounds      |     Work
 Expl Unexpl |  Obj  Depth IntInf | Incumbent    BestBd   Gap | It/Node Time

     0     0     cutoff    0        -0.00000   -0.00000  0.00%     -    0s

Explored 0 nodes (323 simplex iterations) in 0.01 seconds
Thread count was 12 (of 12 available processors)

Solution count 1: -0 

Optimal solution found (tolerance 1.00e-04)
Best objective -0.000000000000e+00, best bound -0.000000000000e+00, gap 0.0000%

Gurobi 8.1.0 (linux64, Python) logging started Tue Feb  5 10:02:53 2019

Academic license - for non-commercial use only
Optimize a model with 508 rows, 660 columns and 1902 nonzeros
Variable types: 0 continuous, 660 integer (0 binary)
Coefficient statistics:
  Matrix range     [1e+00, 2e+00]
  Objective range  [1e+00, 1e+00]
  Bounds range     [1e+00, 1e+01]
  RHS range        [1e+00, 1e+01]
Presolve removed 260 rows and 327 columns
Presolve time: 0.00s
Presolved: 248 rows, 333 columns, 907 nonzeros
Variable types: 0 continuous, 333 integer (198 binary)
Found heuristic solution: objective -0.0000000

Root relaxation: cutoff, 323 iterations, 0.00 seconds

    Nodes    |    Current Node    |     Objective Bounds      |     Work
 Expl Unexpl |  Obj  Depth IntInf | Incumbent    BestBd   Gap | It/Node Time

     0     0     cutoff    0        -0.00000   -0.00000  0.00%     -    0s

Explored 0 nodes (323 simplex iterations) in 0.01 seconds
Thread count was 12 (of 12 available processors)

Solution count 1: -0 

Optimal solution found (tolerance 1.00e-04)
Best objective -0.000000000000e+00, best bound -0.000000000000e+00, gap 0.0000%

Gurobi 8.1.0 (linux64, Python) logging started Tue Feb  5 10:03:32 2019

Academic license - for non-commercial use only
Optimize a model with 508 rows, 660 columns and 1902 nonzeros
Variable types: 0 continuous, 660 integer (0 binary)
Coefficient statistics:
  Matrix range     [1e+00, 2e+00]
  Objective range  [1e+00, 1e+00]
  Bounds range     [1e+00, 1e+01]
  RHS range        [1e+00, 1e+01]
Presolve removed 260 rows and 327 columns
Presolve time: 0.00s
Presolved: 248 rows, 333 columns, 907 nonzeros
Variable types: 0 continuous, 333 integer (198 binary)
Found heuristic solution: objective -0.0000000

Root relaxation: cutoff, 323 iterations, 0.00 seconds

    Nodes    |    Current Node    |     Objective Bounds      |     Work
 Expl Unexpl |  Obj  Depth IntInf | Incumbent    BestBd   Gap | It/Node Time

     0     0     cutoff    0        -0.00000   -0.00000  0.00%     -    0s

Explored 0 nodes (323 simplex iterations) in 0.01 seconds
Thread count was 12 (of 12 available processors)

Solution count 1: -0 

Optimal solution found (tolerance 1.00e-04)
Best objective -0.000000000000e+00, best bound -0.000000000000e+00, gap 0.0000%

Gurobi 8.1.0 (linux64, Python) logging started Tue Feb  5 10:05:28 2019

Academic license - for non-commercial use only
Optimize a model with 508 rows, 660 columns and 1902 nonzeros
Variable types: 0 continuous, 660 integer (0 binary)
Coefficient statistics:
  Matrix range     [1e+00, 2e+00]
  Objective range  [1e+00, 1e+00]
  Bounds range     [1e+00, 1e+01]
  RHS range        [1e+00, 1e+01]
Presolve removed 260 rows and 327 columns
Presolve time: 0.00s
Presolved: 248 rows, 333 columns, 907 nonzeros
Variable types: 0 continuous, 333 integer (198 binary)
Found heuristic solution: objective -0.0000000

Root relaxation: cutoff, 323 iterations, 0.00 seconds

    Nodes    |    Current Node    |     Objective Bounds      |     Work
 Expl Unexpl |  Obj  Depth IntInf | Incumbent    BestBd   Gap | It/Node Time

     0     0     cutoff    0        -0.00000   -0.00000  0.00%     -    0s

Explored 0 nodes (323 simplex iterations) in 0.01 seconds
Thread count was 12 (of 12 available processors)

Solution count 1: -0 

Optimal solution found (tolerance 1.00e-04)
Best objective -0.000000000000e+00, best bound -0.000000000000e+00, gap 0.0000%

Gurobi 8.1.0 (linux64, Python) logging started Tue Feb  5 10:06:30 2019

Academic license - for non-commercial use only
Optimize a model with 508 rows, 660 columns and 1902 nonzeros
Variable types: 0 continuous, 660 integer (0 binary)
Coefficient statistics:
  Matrix range     [1e+00, 2e+00]
  Objective range  [1e+00, 1e+00]
  Bounds range     [1e+00, 1e+01]
  RHS range        [1e+00, 1e+01]
Presolve removed 260 rows and 327 columns
Presolve time: 0.00s
Presolved: 248 rows, 333 columns, 907 nonzeros
Variable types: 0 continuous, 333 integer (198 binary)
Found heuristic solution: objective -0.0000000

Root relaxation: cutoff, 323 iterations, 0.00 seconds

    Nodes    |    Current Node    |     Objective Bounds      |     Work
 Expl Unexpl |  Obj  Depth IntInf | Incumbent    BestBd   Gap | It/Node Time

     0     0     cutoff    0        -0.00000   -0.00000  0.00%     -    0s

Explored 0 nodes (323 simplex iterations) in 0.01 seconds
Thread count was 12 (of 12 available processors)

Solution count 1: -0 

Optimal solution found (tolerance 1.00e-04)
Best objective -0.000000000000e+00, best bound -0.000000000000e+00, gap 0.0000%

Gurobi 8.1.0 (linux64, Python) logging started Tue Feb  5 10:08:02 2019

Academic license - for non-commercial use only
Optimize a model with 508 rows, 660 columns and 1902 nonzeros
Variable types: 0 continuous, 660 integer (0 binary)
Coefficient statistics:
  Matrix range     [1e+00, 2e+00]
  Objective range  [1e+00, 1e+00]
  Bounds range     [1e+00, 1e+01]
  RHS range        [1e+00, 1e+01]
Presolve removed 260 rows and 327 columns
Presolve time: 0.00s
Presolved: 248 rows, 333 columns, 907 nonzeros
Variable types: 0 continuous, 333 integer (198 binary)
Found heuristic solution: objective -0.0000000

Root relaxation: cutoff, 323 iterations, 0.00 seconds

    Nodes    |    Current Node    |     Objective Bounds      |     Work
 Expl Unexpl |  Obj  Depth IntInf | Incumbent    BestBd   Gap | It/Node Time

     0     0     cutoff    0        -0.00000   -0.00000  0.00%     -    0s

Explored 0 nodes (323 simplex iterations) in 0.01 seconds
Thread count was 12 (of 12 available processors)

Solution count 1: -0 

Optimal solution found (tolerance 1.00e-04)
Best objective -0.000000000000e+00, best bound -0.000000000000e+00, gap 0.0000%

Gurobi 8.1.0 (linux64, Python) logging started Tue Feb  5 10:18:12 2019

Academic license - for non-commercial use only
Optimize a model with 508 rows, 660 columns and 1902 nonzeros
Variable types: 0 continuous, 660 integer (0 binary)
Coefficient statistics:
  Matrix range     [1e+00, 2e+00]
  Objective range  [1e+00, 1e+00]
  Bounds range     [1e+00, 1e+01]
  RHS range        [1e+00, 1e+01]
Presolve removed 375 rows and 511 columns
Presolve time: 0.00s
Presolved: 133 rows, 149 columns, 416 nonzeros
Variable types: 0 continuous, 149 integer (99 binary)
Found heuristic solution: objective -0.0000000

Root relaxation: cutoff, 116 iterations, 0.00 seconds

    Nodes    |    Current Node    |     Objective Bounds      |     Work
 Expl Unexpl |  Obj  Depth IntInf | Incumbent    BestBd   Gap | It/Node Time

     0     0     cutoff    0        -0.00000   -0.00000  0.00%     -    0s

Explored 0 nodes (116 simplex iterations) in 0.00 seconds
Thread count was 12 (of 12 available processors)

Solution count 1: -0 

Optimal solution found (tolerance 1.00e-04)
Best objective -0.000000000000e+00, best bound -0.000000000000e+00, gap 0.0000%

Gurobi 8.1.0 (linux64, Python) logging started Tue Feb  5 10:18:55 2019

Academic license - for non-commercial use only
Optimize a model with 508 rows, 660 columns and 1902 nonzeros
Variable types: 0 continuous, 660 integer (0 binary)
Coefficient statistics:
  Matrix range     [1e+00, 2e+00]
  Objective range  [1e+00, 1e+00]
  Bounds range     [1e+00, 1e+01]
  RHS range        [1e+00, 1e+01]
Presolve removed 375 rows and 511 columns
Presolve time: 0.00s
Presolved: 133 rows, 149 columns, 416 nonzeros
Variable types: 0 continuous, 149 integer (99 binary)
Found heuristic solution: objective -0.0000000

Root relaxation: cutoff, 116 iterations, 0.00 seconds

    Nodes    |    Current Node    |     Objective Bounds      |     Work
 Expl Unexpl |  Obj  Depth IntInf | Incumbent    BestBd   Gap | It/Node Time

     0     0     cutoff    0        -0.00000   -0.00000  0.00%     -    0s

Explored 0 nodes (116 simplex iterations) in 0.00 seconds
Thread count was 12 (of 12 available processors)

Solution count 1: -0 

Optimal solution found (tolerance 1.00e-04)
Best objective -0.000000000000e+00, best bound -0.000000000000e+00, gap 0.0000%

Gurobi 8.1.0 (linux64, Python) logging started Tue Feb  5 10:28:35 2019

Academic license - for non-commercial use only
Optimize a model with 508 rows, 660 columns and 1902 nonzeros
Variable types: 0 continuous, 660 integer (0 binary)
Coefficient statistics:
  Matrix range     [1e+00, 2e+00]
  Objective range  [1e+00, 1e+00]
  Bounds range     [1e+00, 1e+01]
  RHS range        [1e+00, 1e+01]
Presolve removed 375 rows and 511 columns
Presolve time: 0.00s
Presolved: 133 rows, 149 columns, 416 nonzeros
Variable types: 0 continuous, 149 integer (99 binary)
Found heuristic solution: objective -0.0000000

Root relaxation: cutoff, 116 iterations, 0.00 seconds

    Nodes    |    Current Node    |     Objective Bounds      |     Work
 Expl Unexpl |  Obj  Depth IntInf | Incumbent    BestBd   Gap | It/Node Time

     0     0     cutoff    0        -0.00000   -0.00000  0.00%     -    0s

Explored 0 nodes (116 simplex iterations) in 0.00 seconds
Thread count was 12 (of 12 available processors)

Solution count 1: -0 

Optimal solution found (tolerance 1.00e-04)
Best objective -0.000000000000e+00, best bound -0.000000000000e+00, gap 0.0000%

Gurobi 8.1.0 (linux64, Python) logging started Tue Feb  5 10:29:00 2019

Academic license - for non-commercial use only
Optimize a model with 508 rows, 660 columns and 1902 nonzeros
Variable types: 0 continuous, 660 integer (0 binary)
Coefficient statistics:
  Matrix range     [1e+00, 2e+00]
  Objective range  [1e+00, 1e+00]
  Bounds range     [1e+00, 1e+01]
  RHS range        [1e+00, 1e+01]
Presolve removed 375 rows and 511 columns
Presolve time: 0.00s
Presolved: 133 rows, 149 columns, 416 nonzeros
Variable types: 0 continuous, 149 integer (99 binary)
Found heuristic solution: objective -0.0000000

Root relaxation: cutoff, 116 iterations, 0.00 seconds

    Nodes    |    Current Node    |     Objective Bounds      |     Work
 Expl Unexpl |  Obj  Depth IntInf | Incumbent    BestBd   Gap | It/Node Time

     0     0     cutoff    0        -0.00000   -0.00000  0.00%     -    0s

Explored 0 nodes (116 simplex iterations) in 0.01 seconds
Thread count was 12 (of 12 available processors)

Solution count 1: -0 

Optimal solution found (tolerance 1.00e-04)
Best objective -0.000000000000e+00, best bound -0.000000000000e+00, gap 0.0000%

Gurobi 8.1.0 (linux64, Python) logging started Tue Feb  5 13:33:17 2019

Academic license - for non-commercial use only
Optimize a model with 508 rows, 660 columns and 1902 nonzeros
Variable types: 0 continuous, 660 integer (0 binary)
Coefficient statistics:
  Matrix range     [1e+00, 2e+00]
  Objective range  [1e+00, 1e+00]
  Bounds range     [1e+00, 1e+01]
  RHS range        [1e+00, 1e+01]
Presolve removed 375 rows and 511 columns
Presolve time: 0.00s
Presolved: 133 rows, 149 columns, 416 nonzeros
Variable types: 0 continuous, 149 integer (99 binary)
Found heuristic solution: objective -0.0000000

Root relaxation: cutoff, 116 iterations, 0.00 seconds

    Nodes    |    Current Node    |     Objective Bounds      |     Work
 Expl Unexpl |  Obj  Depth IntInf | Incumbent    BestBd   Gap | It/Node Time

     0     0     cutoff    0        -0.00000   -0.00000  0.00%     -    0s

Explored 0 nodes (116 simplex iterations) in 0.00 seconds
Thread count was 12 (of 12 available processors)

Solution count 1: -0 

Optimal solution found (tolerance 1.00e-04)
Best objective -0.000000000000e+00, best bound -0.000000000000e+00, gap 0.0000%

Gurobi 8.1.0 (linux64, Python) logging started Tue Feb  5 13:37:21 2019

Academic license - for non-commercial use only
Optimize a model with 508 rows, 660 columns and 1902 nonzeros
Variable types: 0 continuous, 660 integer (0 binary)
Coefficient statistics:
  Matrix range     [1e+00, 2e+00]
  Objective range  [1e+00, 1e+00]
  Bounds range     [1e+00, 1e+01]
  RHS range        [1e+00, 1e+01]
Presolve removed 375 rows and 511 columns
Presolve time: 0.00s
Presolved: 133 rows, 149 columns, 416 nonzeros
Variable types: 0 continuous, 149 integer (99 binary)
Found heuristic solution: objective -0.0000000

Root relaxation: cutoff, 116 iterations, 0.00 seconds

    Nodes    |    Current Node    |     Objective Bounds      |     Work
 Expl Unexpl |  Obj  Depth IntInf | Incumbent    BestBd   Gap | It/Node Time

     0     0     cutoff    0        -0.00000   -0.00000  0.00%     -    0s

Explored 0 nodes (116 simplex iterations) in 0.00 seconds
Thread count was 12 (of 12 available processors)

Solution count 1: -0 

Optimal solution found (tolerance 1.00e-04)
Best objective -0.000000000000e+00, best bound -0.000000000000e+00, gap 0.0000%

Gurobi 8.1.0 (linux64, Python) logging started Tue Feb  5 13:37:58 2019

Academic license - for non-commercial use only
Optimize a model with 508 rows, 660 columns and 1902 nonzeros
Variable types: 0 continuous, 660 integer (0 binary)
Coefficient statistics:
  Matrix range     [1e+00, 2e+00]
  Objective range  [1e+00, 1e+00]
  Bounds range     [1e+00, 1e+01]
  RHS range        [1e+00, 1e+01]
Presolve removed 375 rows and 511 columns
Presolve time: 0.00s
Presolved: 133 rows, 149 columns, 416 nonzeros
Variable types: 0 continuous, 149 integer (99 binary)
Found heuristic solution: objective -0.0000000

Root relaxation: cutoff, 116 iterations, 0.00 seconds

    Nodes    |    Current Node    |     Objective Bounds      |     Work
 Expl Unexpl |  Obj  Depth IntInf | Incumbent    BestBd   Gap | It/Node Time

     0     0     cutoff    0        -0.00000   -0.00000  0.00%     -    0s

Explored 0 nodes (116 simplex iterations) in 0.00 seconds
Thread count was 12 (of 12 available processors)

Solution count 1: -0 

Optimal solution found (tolerance 1.00e-04)
Best objective -0.000000000000e+00, best bound -0.000000000000e+00, gap 0.0000%

Gurobi 8.1.0 (linux64, Python) logging started Tue Feb  5 13:39:39 2019

Academic license - for non-commercial use only
Optimize a model with 508 rows, 660 columns and 1902 nonzeros
Variable types: 0 continuous, 660 integer (0 binary)
Coefficient statistics:
  Matrix range     [1e+00, 2e+00]
  Objective range  [1e+00, 1e+00]
  Bounds range     [1e+00, 1e+01]
  RHS range        [1e+00, 1e+01]
Presolve removed 375 rows and 511 columns
Presolve time: 0.00s
Presolved: 133 rows, 149 columns, 416 nonzeros
Variable types: 0 continuous, 149 integer (99 binary)
Found heuristic solution: objective -0.0000000

Root relaxation: cutoff, 116 iterations, 0.00 seconds

    Nodes    |    Current Node    |     Objective Bounds      |     Work
 Expl Unexpl |  Obj  Depth IntInf | Incumbent    BestBd   Gap | It/Node Time

     0     0     cutoff    0        -0.00000   -0.00000  0.00%     -    0s

Explored 0 nodes (116 simplex iterations) in 0.00 seconds
Thread count was 12 (of 12 available processors)

Solution count 1: -0 

Optimal solution found (tolerance 1.00e-04)
Best objective -0.000000000000e+00, best bound -0.000000000000e+00, gap 0.0000%

Gurobi 8.1.0 (linux64, Python) logging started Tue Feb  5 13:41:12 2019

Academic license - for non-commercial use only
Optimize a model with 508 rows, 660 columns and 1902 nonzeros
Variable types: 0 continuous, 660 integer (0 binary)
Coefficient statistics:
  Matrix range     [1e+00, 2e+00]
  Objective range  [1e+00, 1e+00]
  Bounds range     [1e+00, 1e+01]
  RHS range        [1e+00, 1e+01]
Presolve removed 375 rows and 511 columns
Presolve time: 0.00s
Presolved: 133 rows, 149 columns, 416 nonzeros
Variable types: 0 continuous, 149 integer (99 binary)
Found heuristic solution: objective -0.0000000

Root relaxation: cutoff, 116 iterations, 0.00 seconds

    Nodes    |    Current Node    |     Objective Bounds      |     Work
 Expl Unexpl |  Obj  Depth IntInf | Incumbent    BestBd   Gap | It/Node Time

     0     0     cutoff    0        -0.00000   -0.00000  0.00%     -    0s

Explored 0 nodes (116 simplex iterations) in 0.00 seconds
Thread count was 12 (of 12 available processors)

Solution count 1: -0 

Optimal solution found (tolerance 1.00e-04)
Best objective -0.000000000000e+00, best bound -0.000000000000e+00, gap 0.0000%

Gurobi 8.1.0 (linux64, Python) logging started Tue Feb  5 13:49:10 2019

Academic license - for non-commercial use only
Optimize a model with 508 rows, 660 columns and 1902 nonzeros
Variable types: 0 continuous, 660 integer (0 binary)
Coefficient statistics:
  Matrix range     [1e+00, 2e+00]
  Objective range  [1e+00, 1e+00]
  Bounds range     [1e+00, 1e+01]
  RHS range        [1e+00, 1e+01]
Presolve removed 375 rows and 511 columns
Presolve time: 0.00s
Presolved: 133 rows, 149 columns, 416 nonzeros
Variable types: 0 continuous, 149 integer (99 binary)
Found heuristic solution: objective -0.0000000

Root relaxation: cutoff, 116 iterations, 0.00 seconds

    Nodes    |    Current Node    |     Objective Bounds      |     Work
 Expl Unexpl |  Obj  Depth IntInf | Incumbent    BestBd   Gap | It/Node Time

     0     0     cutoff    0        -0.00000   -0.00000  0.00%     -    0s

Explored 0 nodes (116 simplex iterations) in 0.01 seconds
Thread count was 12 (of 12 available processors)

Solution count 1: -0 

Optimal solution found (tolerance 1.00e-04)
Best objective -0.000000000000e+00, best bound -0.000000000000e+00, gap 0.0000%

Gurobi 8.1.0 (linux64, Python) logging started Tue Feb  5 13:56:37 2019

Academic license - for non-commercial use only
Optimize a model with 508 rows, 660 columns and 1902 nonzeros
Variable types: 0 continuous, 660 integer (0 binary)
Coefficient statistics:
  Matrix range     [1e+00, 2e+00]
  Objective range  [1e+00, 1e+00]
  Bounds range     [1e+00, 1e+01]
  RHS range        [1e+00, 1e+01]
Presolve removed 375 rows and 511 columns
Presolve time: 0.00s
Presolved: 133 rows, 149 columns, 416 nonzeros
Variable types: 0 continuous, 149 integer (99 binary)
Found heuristic solution: objective -0.0000000

Root relaxation: cutoff, 116 iterations, 0.00 seconds

    Nodes    |    Current Node    |     Objective Bounds      |     Work
 Expl Unexpl |  Obj  Depth IntInf | Incumbent    BestBd   Gap | It/Node Time

     0     0     cutoff    0        -0.00000   -0.00000  0.00%     -    0s

Explored 0 nodes (116 simplex iterations) in 0.01 seconds
Thread count was 12 (of 12 available processors)

Solution count 1: -0 

Optimal solution found (tolerance 1.00e-04)
Best objective -0.000000000000e+00, best bound -0.000000000000e+00, gap 0.0000%

Gurobi 8.1.0 (linux64, Python) logging started Tue Feb  5 13:58:35 2019

Academic license - for non-commercial use only
Optimize a model with 508 rows, 660 columns and 1902 nonzeros
Variable types: 0 continuous, 660 integer (0 binary)
Coefficient statistics:
  Matrix range     [1e+00, 2e+00]
  Objective range  [1e+00, 1e+00]
  Bounds range     [1e+00, 1e+01]
  RHS range        [1e+00, 1e+01]
Presolve removed 375 rows and 511 columns
Presolve time: 0.00s
Presolved: 133 rows, 149 columns, 416 nonzeros
Variable types: 0 continuous, 149 integer (99 binary)
Found heuristic solution: objective -0.0000000

Root relaxation: cutoff, 116 iterations, 0.00 seconds

    Nodes    |    Current Node    |     Objective Bounds      |     Work
 Expl Unexpl |  Obj  Depth IntInf | Incumbent    BestBd   Gap | It/Node Time

     0     0     cutoff    0        -0.00000   -0.00000  0.00%     -    0s

Explored 0 nodes (116 simplex iterations) in 0.01 seconds
Thread count was 12 (of 12 available processors)

Solution count 1: -0 

Optimal solution found (tolerance 1.00e-04)
Best objective -0.000000000000e+00, best bound -0.000000000000e+00, gap 0.0000%

Gurobi 8.1.0 (linux64, Python) logging started Tue Feb  5 14:02:12 2019

Academic license - for non-commercial use only
Optimize a model with 506 rows, 660 columns and 1898 nonzeros
Variable types: 0 continuous, 660 integer (0 binary)
Coefficient statistics:
  Matrix range     [1e+00, 2e+00]
  Objective range  [1e+00, 1e+00]
  Bounds range     [1e+00, 1e+01]
  RHS range        [1e+00, 1e+01]
Presolve removed 377 rows and 514 columns
Presolve time: 0.00s
Presolved: 129 rows, 146 columns, 407 nonzeros
Variable types: 0 continuous, 146 integer (97 binary)
Found heuristic solution: objective 4.0000000

Root relaxation: objective 1.400000e+01, 50 iterations, 0.00 seconds

    Nodes    |    Current Node    |     Objective Bounds      |     Work
 Expl Unexpl |  Obj  Depth IntInf | Incumbent    BestBd   Gap | It/Node Time

*    0     0               0      14.0000000   14.00000  0.00%     -    0s

Explored 0 nodes (50 simplex iterations) in 0.00 seconds
Thread count was 12 (of 12 available processors)

Solution count 2: 14 4 

Optimal solution found (tolerance 1.00e-04)
Best objective 1.400000000000e+01, best bound 1.400000000000e+01, gap 0.0000%

Gurobi 8.1.0 (linux64, Python) logging started Tue Feb  5 14:12:43 2019

Academic license - for non-commercial use only
Optimize a model with 506 rows, 660 columns and 1898 nonzeros
Variable types: 0 continuous, 660 integer (0 binary)
Coefficient statistics:
  Matrix range     [1e+00, 2e+00]
  Objective range  [1e+00, 1e+00]
  Bounds range     [1e+00, 1e+01]
  RHS range        [1e+00, 1e+01]
Presolve removed 377 rows and 514 columns
Presolve time: 0.00s
Presolved: 129 rows, 146 columns, 407 nonzeros
Variable types: 0 continuous, 146 integer (97 binary)
Found heuristic solution: objective 4.0000000

Root relaxation: objective 1.400000e+01, 50 iterations, 0.00 seconds

    Nodes    |    Current Node    |     Objective Bounds      |     Work
 Expl Unexpl |  Obj  Depth IntInf | Incumbent    BestBd   Gap | It/Node Time

*    0     0               0      14.0000000   14.00000  0.00%     -    0s

Explored 0 nodes (50 simplex iterations) in 0.00 seconds
Thread count was 12 (of 12 available processors)

Solution count 2: 14 4 

Optimal solution found (tolerance 1.00e-04)
Best objective 1.400000000000e+01, best bound 1.400000000000e+01, gap 0.0000%

Gurobi 8.1.0 (linux64, Python) logging started Tue Feb  5 14:17:28 2019

Academic license - for non-commercial use only
Optimize a model with 506 rows, 660 columns and 1898 nonzeros
Variable types: 0 continuous, 660 integer (0 binary)
Coefficient statistics:
  Matrix range     [1e+00, 2e+00]
  Objective range  [1e+00, 1e+00]
  Bounds range     [1e+00, 1e+01]
  RHS range        [1e+00, 1e+01]
Presolve removed 377 rows and 514 columns
Presolve time: 0.00s
Presolved: 129 rows, 146 columns, 407 nonzeros
Variable types: 0 continuous, 146 integer (97 binary)
Found heuristic solution: objective 4.0000000

Root relaxation: objective 1.400000e+01, 50 iterations, 0.00 seconds

    Nodes    |    Current Node    |     Objective Bounds      |     Work
 Expl Unexpl |  Obj  Depth IntInf | Incumbent    BestBd   Gap | It/Node Time

*    0     0               0      14.0000000   14.00000  0.00%     -    0s

Explored 0 nodes (50 simplex iterations) in 0.00 seconds
Thread count was 12 (of 12 available processors)

Solution count 2: 14 4 

Optimal solution found (tolerance 1.00e-04)
Best objective 1.400000000000e+01, best bound 1.400000000000e+01, gap 0.0000%

Gurobi 8.1.0 (linux64, Python) logging started Tue Feb  5 15:10:01 2019

Academic license - for non-commercial use only
Optimize a model with 506 rows, 660 columns and 1898 nonzeros
Variable types: 0 continuous, 660 integer (0 binary)
Coefficient statistics:
  Matrix range     [1e+00, 2e+00]
  Objective range  [1e+00, 1e+00]
  Bounds range     [1e+00, 1e+01]
  RHS range        [1e+00, 1e+01]
Presolve removed 377 rows and 514 columns
Presolve time: 0.00s
Presolved: 129 rows, 146 columns, 407 nonzeros
Variable types: 0 continuous, 146 integer (97 binary)
Found heuristic solution: objective 4.0000000

Root relaxation: objective 1.400000e+01, 50 iterations, 0.00 seconds

    Nodes    |    Current Node    |     Objective Bounds      |     Work
 Expl Unexpl |  Obj  Depth IntInf | Incumbent    BestBd   Gap | It/Node Time

*    0     0               0      14.0000000   14.00000  0.00%     -    0s

Explored 0 nodes (50 simplex iterations) in 0.00 seconds
Thread count was 12 (of 12 available processors)

Solution count 2: 14 4 

Optimal solution found (tolerance 1.00e-04)
Best objective 1.400000000000e+01, best bound 1.400000000000e+01, gap 0.0000%

Gurobi 8.1.0 (linux64, Python) logging started Tue Feb  5 15:26:02 2019

Academic license - for non-commercial use only
Optimize a model with 498 rows, 660 columns and 1898 nonzeros
Variable types: 0 continuous, 660 integer (0 binary)
Coefficient statistics:
  Matrix range     [1e+00, 2e+00]
  Objective range  [1e+00, 1e+00]
  Bounds range     [1e+00, 1e+01]
  RHS range        [1e+00, 1e+01]
Presolve removed 369 rows and 514 columns
Presolve time: 0.00s
Presolved: 129 rows, 146 columns, 407 nonzeros
Variable types: 0 continuous, 146 integer (97 binary)
Found heuristic solution: objective 4.0000000

Root relaxation: objective 1.400000e+01, 50 iterations, 0.00 seconds

    Nodes    |    Current Node    |     Objective Bounds      |     Work
 Expl Unexpl |  Obj  Depth IntInf | Incumbent    BestBd   Gap | It/Node Time

*    0     0               0      14.0000000   14.00000  0.00%     -    0s

Explored 0 nodes (50 simplex iterations) in 0.01 seconds
Thread count was 12 (of 12 available processors)

Solution count 2: 14 4 

Optimal solution found (tolerance 1.00e-04)
Best objective 1.400000000000e+01, best bound 1.400000000000e+01, gap 0.0000%

Gurobi 8.1.0 (linux64, Python) logging started Tue Feb  5 15:29:58 2019

Academic license - for non-commercial use only
Optimize a model with 498 rows, 660 columns and 2434 nonzeros
Variable types: 0 continuous, 660 integer (0 binary)
Coefficient statistics:
  Matrix range     [1e+00, 1e+00]
  Objective range  [1e+00, 1e+00]
  Bounds range     [1e+00, 1e+01]
  RHS range        [1e+00, 1e+01]
Presolve removed 262 rows and 336 columns
Presolve time: 0.00s
Presolved: 236 rows, 324 columns, 1109 nonzeros
Variable types: 0 continuous, 324 integer (193 binary)
Found heuristic solution: objective 4.0000000
Found heuristic solution: objective 20.0000000

Root relaxation: objective 2.200000e+01, 63 iterations, 0.00 seconds

    Nodes    |    Current Node    |     Objective Bounds      |     Work
 Expl Unexpl |  Obj  Depth IntInf | Incumbent    BestBd   Gap | It/Node Time

*    0     0               0      22.0000000   22.00000  0.00%     -    0s

Explored 0 nodes (63 simplex iterations) in 0.01 seconds
Thread count was 12 (of 12 available processors)

Solution count 3: 22 20 4 

Optimal solution found (tolerance 1.00e-04)
Best objective 2.200000000000e+01, best bound 2.200000000000e+01, gap 0.0000%

Gurobi 8.1.0 (linux64, Python) logging started Fri Feb 15 12:41:12 2019

Academic license - for non-commercial use only
Optimize a model with 498 rows, 660 columns and 2434 nonzeros
Variable types: 0 continuous, 660 integer (0 binary)
Coefficient statistics:
  Matrix range     [1e+00, 1e+00]
  Objective range  [1e+00, 1e+00]
  Bounds range     [1e+00, 1e+01]
  RHS range        [1e+00, 1e+01]
Presolve removed 262 rows and 336 columns
Presolve time: 0.01s
Presolved: 236 rows, 324 columns, 1109 nonzeros
Variable types: 0 continuous, 324 integer (193 binary)
Found heuristic solution: objective 4.0000000
Found heuristic solution: objective 20.0000000

Root relaxation: objective 2.200000e+01, 63 iterations, 0.00 seconds

    Nodes    |    Current Node    |     Objective Bounds      |     Work
 Expl Unexpl |  Obj  Depth IntInf | Incumbent    BestBd   Gap | It/Node Time

*    0     0               0      22.0000000   22.00000  0.00%     -    0s

Explored 0 nodes (63 simplex iterations) in 0.03 seconds
Thread count was 12 (of 12 available processors)

Solution count 3: 22 20 4 

Optimal solution found (tolerance 1.00e-04)
Best objective 2.200000000000e+01, best bound 2.200000000000e+01, gap 0.0000%

Gurobi 8.1.0 (linux64, Python) logging started Thu May 16 13:27:11 2019

Academic license - for non-commercial use only
Optimize a model with 498 rows, 660 columns and 2434 nonzeros
Variable types: 0 continuous, 660 integer (0 binary)
Coefficient statistics:
  Matrix range     [1e+00, 1e+00]
  Objective range  [1e+00, 1e+00]
  Bounds range     [1e+00, 1e+01]
  RHS range        [1e+00, 1e+01]
Presolve removed 262 rows and 336 columns
Presolve time: 0.01s
Presolved: 236 rows, 324 columns, 1109 nonzeros
Variable types: 0 continuous, 324 integer (193 binary)
Found heuristic solution: objective 4.0000000
Found heuristic solution: objective 20.0000000

Root relaxation: objective 2.200000e+01, 63 iterations, 0.00 seconds

    Nodes    |    Current Node    |     Objective Bounds      |     Work
 Expl Unexpl |  Obj  Depth IntInf | Incumbent    BestBd   Gap | It/Node Time

*    0     0               0      22.0000000   22.00000  0.00%     -    0s

Explored 0 nodes (63 simplex iterations) in 0.02 seconds
Thread count was 12 (of 12 available processors)

Solution count 3: 22 20 4 

Optimal solution found (tolerance 1.00e-04)
Best objective 2.200000000000e+01, best bound 2.200000000000e+01, gap 0.0000%

Gurobi 8.1.0 (linux64, Python) logging started Thu May 16 13:52:03 2019

Academic license - for non-commercial use only
Optimize a model with 6670 rows, 10144 columns and 24887 nonzeros
Variable types: 0 continuous, 10144 integer (0 binary)
Coefficient statistics:
  Matrix range     [1e+00, 1e+00]
  Objective range  [1e+00, 1e+00]
  Bounds range     [1e+00, 1e+00]
  RHS range        [1e+00, 1e+00]
Presolve removed 2040 rows and 3461 columns
Presolve time: 0.04s
Presolved: 4630 rows, 6683 columns, 19556 nonzeros
Variable types: 0 continuous, 6683 integer (6683 binary)
Found heuristic solution: objective 18.0000000

Root relaxation: objective 8.000000e+01, 532 iterations, 0.00 seconds

    Nodes    |    Current Node    |     Objective Bounds      |     Work
 Expl Unexpl |  Obj  Depth IntInf | Incumbent    BestBd   Gap | It/Node Time

*    0     0               0      80.0000000   80.00000  0.00%     -    0s

Explored 0 nodes (1359 simplex iterations) in 0.08 seconds
Thread count was 12 (of 12 available processors)

Solution count 2: 80 18 

Optimal solution found (tolerance 1.00e-04)
Best objective 8.000000000000e+01, best bound 8.000000000000e+01, gap 0.0000%

Gurobi 8.1.0 (linux64, Python) logging started Thu May 16 13:54:01 2019

Academic license - for non-commercial use only
Optimize a model with 7210 rows, 10882 columns and 26946 nonzeros
Variable types: 0 continuous, 10882 integer (0 binary)
Coefficient statistics:
  Matrix range     [1e+00, 1e+00]
  Objective range  [1e+00, 1e+00]
  Bounds range     [1e+00, 1e+00]
  RHS range        [1e+00, 1e+00]
Presolve removed 1799 rows and 3026 columns
Presolve time: 0.04s
Presolved: 5411 rows, 7856 columns, 23097 nonzeros
Variable types: 0 continuous, 7856 integer (7856 binary)
Found heuristic solution: objective 17.0000000

Root relaxation: objective 8.000000e+01, 517 iterations, 0.00 seconds

    Nodes    |    Current Node    |     Objective Bounds      |     Work
 Expl Unexpl |  Obj  Depth IntInf | Incumbent    BestBd   Gap | It/Node Time

*    0     0               0      80.0000000   80.00000  0.00%     -    0s

Explored 0 nodes (1092 simplex iterations) in 0.08 seconds
Thread count was 12 (of 12 available processors)

Solution count 2: 80 17 

Optimal solution found (tolerance 1.00e-04)
Best objective 8.000000000000e+01, best bound 8.000000000000e+01, gap 0.0000%

Gurobi 8.1.0 (linux64, Python) logging started Thu May 16 13:55:21 2019

Academic license - for non-commercial use only
Optimize a model with 7790 rows, 11660 columns and 29160 nonzeros
Variable types: 0 continuous, 11660 integer (0 binary)
Coefficient statistics:
  Matrix range     [1e+00, 1e+00]
  Objective range  [1e+00, 1e+00]
  Bounds range     [1e+00, 1e+00]
  RHS range        [1e+00, 1e+00]
Presolve removed 2079 rows and 3342 columns
Presolve time: 0.04s
Presolved: 5711 rows, 8318 columns, 24542 nonzeros
Variable types: 0 continuous, 8318 integer (8318 binary)

Root relaxation: objective 6.600000e+01, 1382 iterations, 0.04 seconds

    Nodes    |    Current Node    |     Objective Bounds      |     Work
 Expl Unexpl |  Obj  Depth IntInf | Incumbent    BestBd   Gap | It/Node Time

*    0     0               0      66.0000000   66.00000  0.00%     -    0s

Explored 0 nodes (1382 simplex iterations) in 0.11 seconds
Thread count was 12 (of 12 available processors)

Solution count 1: 66 

Optimal solution found (tolerance 1.00e-04)
Best objective 6.600000000000e+01, best bound 6.600000000000e+01, gap 0.0000%

Gurobi 8.1.0 (linux64, Python) logging started Thu May 16 14:36:17 2019

Academic license - for non-commercial use only
Optimize a model with 7790 rows, 11660 columns and 29160 nonzeros
Variable types: 0 continuous, 11660 integer (0 binary)
Coefficient statistics:
  Matrix range     [1e+00, 1e+00]
  Objective range  [1e+00, 1e+00]
  Bounds range     [1e+00, 1e+00]
  RHS range        [1e+00, 1e+00]
Presolve removed 2065 rows and 3330 columns
Presolve time: 0.04s
Presolved: 5725 rows, 8330 columns, 24588 nonzeros
Variable types: 0 continuous, 8330 integer (8330 binary)

Root relaxation: objective 7.000000e+01, 2058 iterations, 0.07 seconds

    Nodes    |    Current Node    |     Objective Bounds      |     Work
 Expl Unexpl |  Obj  Depth IntInf | Incumbent    BestBd   Gap | It/Node Time

*    0     0               0      70.0000000   70.00000  0.00%     -    0s

Explored 0 nodes (3386 simplex iterations) in 0.16 seconds
Thread count was 12 (of 12 available processors)

Solution count 1: 70 

Optimal solution found (tolerance 1.00e-04)
Best objective 7.000000000000e+01, best bound 7.000000000000e+01, gap 0.0000%

Gurobi 8.1.0 (linux64, Python) logging started Thu May 16 14:37:20 2019

Academic license - for non-commercial use only
Optimize a model with 7790 rows, 11660 columns and 29160 nonzeros
Variable types: 0 continuous, 11660 integer (0 binary)
Coefficient statistics:
  Matrix range     [1e+00, 1e+00]
  Objective range  [1e+00, 1e+00]
  Bounds range     [1e+00, 1e+00]
  RHS range        [1e+00, 1e+00]
Presolve removed 2065 rows and 3330 columns
Presolve time: 0.04s
Presolved: 5725 rows, 8330 columns, 24588 nonzeros
Variable types: 0 continuous, 8330 integer (8330 binary)

Root relaxation: objective 7.000000e+01, 2058 iterations, 0.07 seconds

    Nodes    |    Current Node    |     Objective Bounds      |     Work
 Expl Unexpl |  Obj  Depth IntInf | Incumbent    BestBd   Gap | It/Node Time

*    0     0               0      70.0000000   70.00000  0.00%     -    0s

Explored 0 nodes (3386 simplex iterations) in 0.17 seconds
Thread count was 12 (of 12 available processors)

Solution count 1: 70 

Optimal solution found (tolerance 1.00e-04)
Best objective 7.000000000000e+01, best bound 7.000000000000e+01, gap 0.0000%

Gurobi 8.1.0 (linux64, Python) logging started Thu May 16 14:54:44 2019

Academic license - for non-commercial use only
Optimize a model with 7790 rows, 11660 columns and 29160 nonzeros
Variable types: 0 continuous, 11660 integer (0 binary)
Coefficient statistics:
  Matrix range     [1e+00, 1e+00]
  Objective range  [1e+00, 1e+00]
  Bounds range     [1e+00, 1e+00]
  RHS range        [1e+00, 1e+00]
Presolve removed 2065 rows and 3330 columns
Presolve time: 0.04s
Presolved: 5725 rows, 8330 columns, 24588 nonzeros
Variable types: 0 continuous, 8330 integer (8330 binary)

Root relaxation: objective 7.000000e+01, 2058 iterations, 0.08 seconds

    Nodes    |    Current Node    |     Objective Bounds      |     Work
 Expl Unexpl |  Obj  Depth IntInf | Incumbent    BestBd   Gap | It/Node Time

*    0     0               0      70.0000000   70.00000  0.00%     -    0s

Explored 0 nodes (3386 simplex iterations) in 0.16 seconds
Thread count was 12 (of 12 available processors)

Solution count 1: 70 

Optimal solution found (tolerance 1.00e-04)
Best objective 7.000000000000e+01, best bound 7.000000000000e+01, gap 0.0000%

Gurobi 8.1.0 (linux64, Python) logging started Thu May 16 17:20:45 2019

Academic license - for non-commercial use only
Optimize a model with 7790 rows, 11660 columns and 29160 nonzeros
Variable types: 0 continuous, 11660 integer (0 binary)
Coefficient statistics:
  Matrix range     [1e+00, 1e+00]
  Objective range  [1e+00, 1e+00]
  Bounds range     [1e+00, 1e+00]
  RHS range        [1e+00, 1e+00]
Presolve removed 2892 rows and 4771 columns
Presolve time: 0.04s
Presolved: 4898 rows, 6889 columns, 19970 nonzeros
Variable types: 0 continuous, 6889 integer (6889 binary)

Root relaxation: objective 6.600000e+01, 1443 iterations, 0.04 seconds

    Nodes    |    Current Node    |     Objective Bounds      |     Work
 Expl Unexpl |  Obj  Depth IntInf | Incumbent    BestBd   Gap | It/Node Time

*    0     0               0      66.0000000   66.00000  0.00%     -    0s

Explored 0 nodes (2156 simplex iterations) in 0.11 seconds
Thread count was 12 (of 12 available processors)

Solution count 1: 66 

Optimal solution found (tolerance 1.00e-04)
Best objective 6.600000000000e+01, best bound 6.600000000000e+01, gap 0.0000%

Gurobi 8.1.0 (linux64, Python) logging started Thu May 16 17:30:07 2019

Academic license - for non-commercial use only
Optimize a model with 7904 rows, 11720 columns and 29388 nonzeros
Variable types: 0 continuous, 11720 integer (0 binary)
Coefficient statistics:
  Matrix range     [1e+00, 1e+00]
  Objective range  [1e+00, 1e+00]
  Bounds range     [1e+00, 1e+00]
  RHS range        [1e+00, 1e+00]
Presolve removed 2556 rows and 4269 columns
Presolve time: 0.05s
Presolved: 5348 rows, 7451 columns, 21667 nonzeros
Variable types: 0 continuous, 7451 integer (7451 binary)

Root relaxation: objective 1.160000e+02, 2706 iterations, 0.08 seconds

    Nodes    |    Current Node    |     Objective Bounds      |     Work
 Expl Unexpl |  Obj  Depth IntInf | Incumbent    BestBd   Gap | It/Node Time

*    0     0               0     116.0000000  116.00000  0.00%     -    0s

Explored 0 nodes (2706 simplex iterations) in 0.15 seconds
Thread count was 12 (of 12 available processors)

Solution count 1: 116 

Optimal solution found (tolerance 1.00e-04)
Best objective 1.160000000000e+02, best bound 1.160000000000e+02, gap 0.0000%

Gurobi 8.1.0 (linux64, Python) logging started Thu May 16 17:33:15 2019

Academic license - for non-commercial use only
Optimize a model with 7980 rows, 11760 columns and 29540 nonzeros
Variable types: 0 continuous, 11760 integer (0 binary)
Coefficient statistics:
  Matrix range     [1e+00, 1e+00]
  Objective range  [1e+00, 1e+00]
  Bounds range     [1e+00, 1e+00]
  RHS range        [1e+00, 1e+00]
Presolve removed 2536 rows and 4233 columns
Presolve time: 0.05s
Presolved: 5444 rows, 7527 columns, 21885 nonzeros
Variable types: 0 continuous, 7527 integer (7527 binary)

Root relaxation: objective 1.460000e+02, 3110 iterations, 0.10 seconds

    Nodes    |    Current Node    |     Objective Bounds      |     Work
 Expl Unexpl |  Obj  Depth IntInf | Incumbent    BestBd   Gap | It/Node Time

*    0     0               0     146.0000000  146.00000  0.00%     -    0s

Explored 0 nodes (3110 simplex iterations) in 0.17 seconds
Thread count was 12 (of 12 available processors)

Solution count 1: 146 

Optimal solution found (tolerance 1.00e-04)
Best objective 1.460000000000e+02, best bound 1.460000000000e+02, gap 0.0000%

Gurobi 8.1.0 (linux64, Python) logging started Thu May 16 17:33:57 2019

Academic license - for non-commercial use only
Optimize a model with 7980 rows, 11760 columns and 29540 nonzeros
Variable types: 0 continuous, 11760 integer (0 binary)
Coefficient statistics:
  Matrix range     [1e+00, 1e+00]
  Objective range  [1e+00, 1e+00]
  Bounds range     [1e+00, 1e+00]
  RHS range        [1e+00, 1e+00]
Presolve removed 2640 rows and 4381 columns
Presolve time: 0.06s
Presolved: 5340 rows, 7379 columns, 21408 nonzeros
Variable types: 0 continuous, 7379 integer (7379 binary)

Root relaxation: objective 1.430000e+02, 2894 iterations, 0.09 seconds

    Nodes    |    Current Node    |     Objective Bounds      |     Work
 Expl Unexpl |  Obj  Depth IntInf | Incumbent    BestBd   Gap | It/Node Time

*    0     0               0     143.0000000  143.00000  0.00%     -    0s

Explored 0 nodes (2894 simplex iterations) in 0.16 seconds
Thread count was 12 (of 12 available processors)

Solution count 1: 143 

Optimal solution found (tolerance 1.00e-04)
Best objective 1.430000000000e+02, best bound 1.430000000000e+02, gap 0.0000%

Gurobi 8.1.0 (linux64, Python) logging started Thu May 16 17:42:23 2019

Academic license - for non-commercial use only
Optimize a model with 7980 rows, 11760 columns and 29540 nonzeros
Variable types: 0 continuous, 11760 integer (0 binary)
Coefficient statistics:
  Matrix range     [1e+00, 1e+00]
  Objective range  [1e+00, 1e+00]
  Bounds range     [1e+00, 1e+00]
  RHS range        [1e+00, 1e+00]
Presolve removed 2473 rows and 4139 columns
Presolve time: 0.05s
Presolved: 5507 rows, 7621 columns, 22170 nonzeros
Variable types: 0 continuous, 7621 integer (7621 binary)

Root relaxation: objective 1.460000e+02, 2638 iterations, 0.07 seconds

    Nodes    |    Current Node    |     Objective Bounds      |     Work
 Expl Unexpl |  Obj  Depth IntInf | Incumbent    BestBd   Gap | It/Node Time

*    0     0               0     146.0000000  146.00000  0.00%     -    0s

Explored 0 nodes (2638 simplex iterations) in 0.14 seconds
Thread count was 12 (of 12 available processors)

Solution count 1: 146 

Optimal solution found (tolerance 1.00e-04)
Best objective 1.460000000000e+02, best bound 1.460000000000e+02, gap 0.0000%

Gurobi 8.1.0 (linux64, Python) logging started Mon May 20 16:31:34 2019

Academic license - for non-commercial use only
Optimize a model with 7980 rows, 11760 columns and 29540 nonzeros
Variable types: 0 continuous, 11760 integer (0 binary)
Coefficient statistics:
  Matrix range     [1e+00, 1e+00]
  Objective range  [1e+00, 1e+00]
  Bounds range     [1e+00, 1e+00]
  RHS range        [1e+00, 1e+00]
Presolve removed 2501 rows and 4174 columns
Presolve time: 0.07s
Presolved: 5479 rows, 7586 columns, 22070 nonzeros
Variable types: 0 continuous, 7586 integer (7586 binary)

Root relaxation: objective 1.410000e+02, 3141 iterations, 0.10 seconds

    Nodes    |    Current Node    |     Objective Bounds      |     Work
 Expl Unexpl |  Obj  Depth IntInf | Incumbent    BestBd   Gap | It/Node Time

*    0     0               0     141.0000000  141.00000  0.00%     -    0s

Explored 0 nodes (3141 simplex iterations) in 0.20 seconds
Thread count was 12 (of 12 available processors)

Solution count 1: 141 

Optimal solution found (tolerance 1.00e-04)
Best objective 1.410000000000e+02, best bound 1.410000000000e+02, gap 0.0000%

Gurobi 8.1.0 (linux64, Python) logging started Mon May 20 16:31:59 2019

Academic license - for non-commercial use only
Optimize a model with 7980 rows, 11760 columns and 29540 nonzeros
Variable types: 0 continuous, 11760 integer (0 binary)
Coefficient statistics:
  Matrix range     [1e+00, 1e+00]
  Objective range  [1e+00, 1e+00]
  Bounds range     [1e+00, 1e+00]
  RHS range        [1e+00, 1e+00]
Presolve removed 2508 rows and 4179 columns
Presolve time: 0.05s
Presolved: 5472 rows, 7581 columns, 22070 nonzeros
Variable types: 0 continuous, 7581 integer (7581 binary)

Root relaxation: objective 1.430000e+02, 3329 iterations, 0.14 seconds

    Nodes    |    Current Node    |     Objective Bounds      |     Work
 Expl Unexpl |  Obj  Depth IntInf | Incumbent    BestBd   Gap | It/Node Time

*    0     0               0     143.0000000  143.00000  0.00%     -    0s

Explored 0 nodes (3329 simplex iterations) in 0.21 seconds
Thread count was 12 (of 12 available processors)

Solution count 1: 143 

Optimal solution found (tolerance 1.00e-04)
Best objective 1.430000000000e+02, best bound 1.430000000000e+02, gap 0.0000%

Gurobi 8.1.0 (linux64, Python) logging started Mon May 20 16:36:10 2019

Academic license - for non-commercial use only
Optimize a model with 7980 rows, 11760 columns and 29540 nonzeros
Variable types: 0 continuous, 11760 integer (0 binary)
Coefficient statistics:
  Matrix range     [1e+00, 1e+00]
  Objective range  [1e+00, 1e+00]
  Bounds range     [1e+00, 1e+00]
  RHS range        [1e+00, 1e+00]
Presolve removed 2494 rows and 4178 columns
Presolve time: 0.04s
Presolved: 5486 rows, 7582 columns, 22058 nonzeros
Variable types: 0 continuous, 7582 integer (7582 binary)

Root relaxation: objective 1.440000e+02, 2642 iterations, 0.07 seconds

    Nodes    |    Current Node    |     Objective Bounds      |     Work
 Expl Unexpl |  Obj  Depth IntInf | Incumbent    BestBd   Gap | It/Node Time

*    0     0               0     144.0000000  144.00000  0.00%     -    0s

Explored 0 nodes (2642 simplex iterations) in 0.13 seconds
Thread count was 12 (of 12 available processors)

Solution count 1: 144 

Optimal solution found (tolerance 1.00e-04)
Best objective 1.440000000000e+02, best bound 1.440000000000e+02, gap 0.0000%

Gurobi 8.1.0 (linux64, Python) logging started Mon May 20 16:44:28 2019

Academic license - for non-commercial use only
Optimize a model with 7980 rows, 11760 columns and 29540 nonzeros
Variable types: 0 continuous, 11760 integer (0 binary)
Coefficient statistics:
  Matrix range     [1e+00, 1e+00]
  Objective range  [1e+00, 1e+00]
  Bounds range     [1e+00, 1e+00]
  RHS range        [1e+00, 1e+00]
Presolve removed 2497 rows and 4176 columns
Presolve time: 0.04s
Presolved: 5483 rows, 7584 columns, 22051 nonzeros
Variable types: 0 continuous, 7584 integer (7584 binary)

Root relaxation: objective 1.450000e+02, 2876 iterations, 0.08 seconds

    Nodes    |    Current Node    |     Objective Bounds      |     Work
 Expl Unexpl |  Obj  Depth IntInf | Incumbent    BestBd   Gap | It/Node Time

*    0     0               0     145.0000000  145.00000  0.00%     -    0s

Explored 0 nodes (2876 simplex iterations) in 0.14 seconds
Thread count was 12 (of 12 available processors)

Solution count 1: 145 

Optimal solution found (tolerance 1.00e-04)
Best objective 1.450000000000e+02, best bound 1.450000000000e+02, gap 0.0000%

Gurobi 8.1.0 (linux64, Python) logging started Mon May 20 16:45:25 2019

Academic license - for non-commercial use only
Optimize a model with 7980 rows, 11760 columns and 29540 nonzeros
Variable types: 0 continuous, 11760 integer (0 binary)
Coefficient statistics:
  Matrix range     [1e+00, 1e+00]
  Objective range  [1e+00, 1e+00]
  Bounds range     [1e+00, 1e+00]
  RHS range        [1e+00, 1e+00]
Presolve removed 2506 rows and 4206 columns
Presolve time: 0.04s
Presolved: 5474 rows, 7554 columns, 21908 nonzeros
Variable types: 0 continuous, 7554 integer (7554 binary)

Root relaxation: objective 1.440000e+02, 2944 iterations, 0.08 seconds

    Nodes    |    Current Node    |     Objective Bounds      |     Work
 Expl Unexpl |  Obj  Depth IntInf | Incumbent    BestBd   Gap | It/Node Time

*    0     0               0     144.0000000  144.00000  0.00%     -    0s

Explored 0 nodes (2944 simplex iterations) in 0.14 seconds
Thread count was 12 (of 12 available processors)

Solution count 1: 144 

Optimal solution found (tolerance 1.00e-04)
Best objective 1.440000000000e+02, best bound 1.440000000000e+02, gap 0.0000%

Gurobi 8.1.0 (linux64, Python) logging started Mon May 20 16:48:16 2019

Academic license - for non-commercial use only
Optimize a model with 7980 rows, 11760 columns and 29540 nonzeros
Variable types: 0 continuous, 11760 integer (0 binary)
Coefficient statistics:
  Matrix range     [1e+00, 1e+00]
  Objective range  [1e+00, 1e+00]
  Bounds range     [1e+00, 1e+00]
  RHS range        [1e+00, 1e+00]
Presolve removed 2510 rows and 4202 columns
Presolve time: 0.04s
Presolved: 5470 rows, 7558 columns, 21972 nonzeros
Variable types: 0 continuous, 7558 integer (7558 binary)

Root relaxation: objective 1.440000e+02, 2929 iterations, 0.08 seconds

    Nodes    |    Current Node    |     Objective Bounds      |     Work
 Expl Unexpl |  Obj  Depth IntInf | Incumbent    BestBd   Gap | It/Node Time

*    0     0               0     144.0000000  144.00000  0.00%     -    0s

Explored 0 nodes (4982 simplex iterations) in 0.18 seconds
Thread count was 12 (of 12 available processors)

Solution count 1: 144 

Optimal solution found (tolerance 1.00e-04)
Best objective 1.440000000000e+02, best bound 1.440000000000e+02, gap 0.0000%

Gurobi 8.1.0 (linux64, Python) logging started Mon May 20 16:49:29 2019

Academic license - for non-commercial use only
Optimize a model with 7980 rows, 11760 columns and 29540 nonzeros
Variable types: 0 continuous, 11760 integer (0 binary)
Coefficient statistics:
  Matrix range     [1e+00, 1e+00]
  Objective range  [1e+00, 1e+00]
  Bounds range     [1e+00, 1e+00]
  RHS range        [1e+00, 1e+00]
Presolve removed 2512 rows and 4196 columns
Presolve time: 0.05s
Presolved: 5468 rows, 7564 columns, 22042 nonzeros
Variable types: 0 continuous, 7564 integer (7564 binary)

Root relaxation: objective 1.430000e+02, 2846 iterations, 0.08 seconds

    Nodes    |    Current Node    |     Objective Bounds      |     Work
 Expl Unexpl |  Obj  Depth IntInf | Incumbent    BestBd   Gap | It/Node Time

*    0     0               0     143.0000000  143.00000  0.00%     -    0s

Explored 0 nodes (2846 simplex iterations) in 0.15 seconds
Thread count was 12 (of 12 available processors)

Solution count 1: 143 

Optimal solution found (tolerance 1.00e-04)
Best objective 1.430000000000e+02, best bound 1.430000000000e+02, gap 0.0000%

Gurobi 8.1.0 (linux64, Python) logging started Mon May 20 16:49:59 2019

Academic license - for non-commercial use only
Optimize a model with 7980 rows, 11760 columns and 29540 nonzeros
Variable types: 0 continuous, 11760 integer (0 binary)
Coefficient statistics:
  Matrix range     [1e+00, 1e+00]
  Objective range  [1e+00, 1e+00]
  Bounds range     [1e+00, 1e+00]
  RHS range        [1e+00, 1e+00]
Presolve removed 2605 rows and 4325 columns
Presolve time: 0.05s
Presolved: 5375 rows, 7435 columns, 21632 nonzeros
Variable types: 0 continuous, 7435 integer (7435 binary)

Root relaxation: objective 1.460000e+02, 3034 iterations, 0.10 seconds

    Nodes    |    Current Node    |     Objective Bounds      |     Work
 Expl Unexpl |  Obj  Depth IntInf | Incumbent    BestBd   Gap | It/Node Time

*    0     0               0     146.0000000  146.00000  0.00%     -    0s

Explored 0 nodes (3034 simplex iterations) in 0.17 seconds
Thread count was 12 (of 12 available processors)

Solution count 1: 146 

Optimal solution found (tolerance 1.00e-04)
Best objective 1.460000000000e+02, best bound 1.460000000000e+02, gap 0.0000%

Gurobi 8.1.0 (linux64, Python) logging started Tue May 21 13:54:11 2019

Academic license - for non-commercial use only
Optimize a model with 7980 rows, 11760 columns and 29540 nonzeros
Variable types: 0 continuous, 11760 integer (0 binary)
Coefficient statistics:
  Matrix range     [1e+00, 1e+00]
  Objective range  [1e+00, 1e+00]
  Bounds range     [1e+00, 1e+00]
  RHS range        [1e+00, 1e+00]
Presolve removed 2518 rows and 4209 columns
Presolve time: 0.06s
Presolved: 5462 rows, 7551 columns, 21946 nonzeros
Variable types: 0 continuous, 7551 integer (7551 binary)

Root relaxation: objective 1.400000e+02, 2978 iterations, 0.10 seconds

    Nodes    |    Current Node    |     Objective Bounds      |     Work
 Expl Unexpl |  Obj  Depth IntInf | Incumbent    BestBd   Gap | It/Node Time

*    0     0               0     140.0000000  140.00000  0.00%     -    0s

Explored 0 nodes (2978 simplex iterations) in 0.20 seconds
Thread count was 12 (of 12 available processors)

Solution count 1: 140 

Optimal solution found (tolerance 1.00e-04)
Best objective 1.400000000000e+02, best bound 1.400000000000e+02, gap 0.0000%
